<?xml version="1.0" encoding="UTF-8"?>
<testsuite xmlns:xsi="http://www.w3.org/2001/XMLSchema-instance" xsi:noNamespaceSchemaLocation="https://maven.apache.org/surefire/maven-surefire-plugin/xsd/surefire-test-report-3.0.xsd" version="3.0" name="TestSuite" time="48.886" tests="3" errors="0" skipped="0" failures="1">
  <properties>
[...]
</properties>
  <testcase name="basePageNavigation[asdf@gmail.com, password123](1)" classname="E2EFramework.SeleniumFramewor.HomePage" time="9.425">
    <system-err><![CDATA[Starting ChromeDriver 86.0.4240.22 (398b0743353ff36fb1b82468f63a3a93b4e2e89e-refs/branch-heads/4240@{#378}) on port 31545
Only local connections are allowed.
Please see https://chromedriver.chromium.org/security-considerations for suggestions on keeping ChromeDriver safe.
ChromeDriver was started successfully.
[1606401983.945][WARNING]: This version of ChromeDriver has not been tested with Chrome version 87.
Nov 26, 2020 8:16:26 PM org.openqa.selenium.remote.ProtocolHandshake createSession
INFO: Detected dialect: W3C
Starting ChromeDriver 86.0.4240.22 (398b0743353ff36fb1b82468f63a3a93b4e2e89e-refs/branch-heads/4240@{#378}) on port 14713
Only local connections are allowed.
Please see https://chromedriver.chromium.org/security-considerations for suggestions on keeping ChromeDriver safe.
ChromeDriver was started successfully.
[1606401987.544][WARNING]: This version of ChromeDriver has not been tested with Chrome version 87.
Nov 26, 2020 8:16:29 PM org.openqa.selenium.remote.ProtocolHandshake createSession
INFO: Detected dialect: W3C
]]></system-err>
  </testcase>
  <testcase name="basePageNavigation[as122df@gmail.com, password123](2)" classname="E2EFramework.SeleniumFramewor.HomePage" time="3.236"/>
  <testcase name="basePageNavigation" classname="E2EFramework.SeleniumFramewor.ValidateTitle" time="18.042">
    <failure message="expected [Rediff.com: New | Rediffmail | Stock Quotes | Shopping] but found [Rediff.com: News | Rediffmail | Stock Quotes | Shopping]" type="java.lang.AssertionError"><![CDATA[java.lang.AssertionError: expected [Rediff.com: New | Rediffmail | Stock Quotes | Shopping] but found [Rediff.com: News | Rediffmail | Stock Quotes | Shopping]
	at E2EFramework.SeleniumFramewor.ValidateTitle.basePageNavigation(ValidateTitle.java:33)
]]></failure>
  </testcase>
</testsuite>